<?xml version="1.0" encoding="UTF-8"?>
<!-- Generated by org.testng.reporters.JUnitReportReporter -->
<testsuite skipped="0" hostname="vensys110" name="testANT.AntClass" tests="1" failures="0" timestamp="23 Jul 2018 09:01:07 GMT" time="0.017" errors="0">
  <testcase name="check" time="0.017" classname="testANT.AntClass"/>
</testsuite> <!-- testANT.AntClass -->
